<?xml version="1.0" encoding="UTF-8"?>
<coverage generated="1459905595">
  <project timestamp="1459905595">
    <package name="Ecommerce">
      <file name="/home/maico/Documentos/aula php/ecommerce/module/Ecommerce/Module.php">
        <class name="Module" namespace="Ecommerce">
          <metrics methods="3" coveredmethods="2" conditionals="0" coveredconditionals="0" statements="9" coveredstatements="5" elements="12" coveredelements="7"/>
        </class>
        <line num="16" type="method" name="onBootstrap" crap="2" count="0"/>
        <line num="18" type="stmt" count="0"/>
        <line num="19" type="stmt" count="0"/>
        <line num="20" type="stmt" count="0"/>
        <line num="21" type="stmt" count="0"/>
        <line num="23" type="method" name="getConfig" crap="1" count="4"/>
        <line num="25" type="stmt" count="4"/>
        <line num="28" type="method" name="getAutoloaderConfig" crap="1" count="4"/>
        <line num="33" type="stmt" count="4"/>
        <line num="34" type="stmt" count="4"/>
        <line num="35" type="stmt" count="4"/>
        <line num="36" type="stmt" count="4"/>
        <metrics loc="38" ncloc="31" classes="1" methods="3" coveredmethods="2" conditionals="0" coveredconditionals="0" statements="9" coveredstatements="5" elements="12" coveredelements="7"/>
      </file>
    </package>
    <file name="/home/maico/Documentos/aula php/ecommerce/module/Ecommerce/config/module.config.php">
      <line num="21" type="stmt" count="4"/>
      <line num="23" type="stmt" count="4"/>
      <line num="25" type="stmt" count="4"/>
      <line num="26" type="stmt" count="4"/>
      <line num="27" type="stmt" count="4"/>
      <line num="28" type="stmt" count="4"/>
      <line num="29" type="stmt" count="4"/>
      <line num="30" type="stmt" count="4"/>
      <line num="33" type="stmt" count="4"/>
      <line num="35" type="stmt" count="4"/>
      <line num="37" type="stmt" count="4"/>
      <line num="38" type="stmt" count="4"/>
      <line num="39" type="stmt" count="4"/>
      <line num="41" type="stmt" count="4"/>
      <line num="42" type="stmt" count="4"/>
      <line num="43" type="stmt" count="4"/>
      <line num="44" type="stmt" count="4"/>
      <line num="45" type="stmt" count="4"/>
      <line num="46" type="stmt" count="4"/>
      <line num="47" type="stmt" count="4"/>
      <line num="51" type="stmt" count="4"/>
      <line num="52" type="stmt" count="4"/>
      <line num="53" type="stmt" count="4"/>
      <line num="54" type="stmt" count="4"/>
      <line num="58" type="stmt" count="4"/>
      <line num="59" type="stmt" count="4"/>
      <line num="62" type="stmt" count="4"/>
      <line num="63" type="stmt" count="4"/>
      <line num="64" type="stmt" count="4"/>
      <line num="66" type="stmt" count="4"/>
      <line num="67" type="stmt" count="4"/>
      <line num="68" type="stmt" count="4"/>
      <line num="70" type="stmt" count="4"/>
      <line num="73" type="stmt" count="4"/>
      <line num="74" type="stmt" count="4"/>
      <line num="75" type="stmt" count="4"/>
      <line num="76" type="stmt" count="4"/>
      <line num="77" type="stmt" count="4"/>
      <line num="78" type="stmt" count="4"/>
      <line num="81" type="stmt" count="4"/>
      <line num="82" type="stmt" count="4"/>
      <line num="83" type="stmt" count="4"/>
      <line num="84" type="stmt" count="4"/>
      <line num="86" type="stmt" count="4"/>
      <line num="87" type="stmt" count="4"/>
      <line num="88" type="stmt" count="4"/>
      <line num="89" type="stmt" count="4"/>
      <line num="90" type="stmt" count="4"/>
      <line num="92" type="stmt" count="4"/>
      <line num="93" type="stmt" count="4"/>
      <line num="94" type="stmt" count="4"/>
      <line num="95" type="stmt" count="4"/>
      <line num="96" type="stmt" count="4"/>
      <line num="98" type="stmt" count="4"/>
      <line num="99" type="stmt" count="4"/>
      <line num="100" type="stmt" count="4"/>
      <line num="105" type="stmt" count="4"/>
      <line num="106" type="stmt" count="4"/>
      <line num="107" type="stmt" count="4"/>
      <line num="108" type="stmt" count="4"/>
      <metrics loc="108" ncloc="91" classes="0" methods="0" coveredmethods="0" conditionals="0" coveredconditionals="0" statements="60" coveredstatements="60" elements="60" coveredelements="60"/>
    </file>
    <package name="Ecommerce\Controller">
      <file name="/home/maico/Documentos/aula php/ecommerce/module/Ecommerce/src/Ecommerce/Controller/IndexController.php">
        <class name="IndexController" namespace="Ecommerce\Controller">
          <metrics methods="1" coveredmethods="0" conditionals="0" coveredconditionals="0" statements="3" coveredstatements="0" elements="4" coveredelements="0"/>
        </class>
        <line num="17" type="method" name="indexAction" crap="2" count="0"/>
        <line num="18" type="stmt" count="0"/>
        <line num="19" type="stmt" count="0"/>
        <line num="20" type="stmt" count="0"/>
        <metrics loc="21" ncloc="14" classes="1" methods="1" coveredmethods="0" conditionals="0" coveredconditionals="0" statements="3" coveredstatements="0" elements="4" coveredelements="0"/>
      </file>
    </package>
    <package name="Ecommerce\Entity">
      <file name="/home/maico/Documentos/aula php/ecommerce/module/Ecommerce/src/Ecommerce/Entity/Marca.php">
        <class name="Marca" namespace="Ecommerce\Entity" fullPackage="Entity" category="Ecommerce" package="Entity">
          <metrics methods="6" coveredmethods="6" conditionals="0" coveredconditionals="0" statements="9" coveredstatements="9" elements="15" coveredelements="15"/>
        </class>
        <line num="52" type="method" name="getId" crap="1" count="3"/>
        <line num="54" type="stmt" count="3"/>
        <line num="60" type="method" name="getMarca" crap="1" count="2"/>
        <line num="62" type="stmt" count="2"/>
        <line num="67" type="method" name="getDescricaoMarca" crap="1" count="2"/>
        <line num="69" type="stmt" count="2"/>
        <line num="77" type="method" name="setId" crap="1" count="1"/>
        <line num="79" type="stmt" count="1"/>
        <line num="80" type="stmt" count="1"/>
        <line num="85" type="method" name="setMarca" crap="1" count="4"/>
        <line num="87" type="stmt" count="4"/>
        <line num="88" type="stmt" count="4"/>
        <line num="93" type="method" name="setDescricaoMarca" crap="1" count="4"/>
        <line num="95" type="stmt" count="4"/>
        <line num="96" type="stmt" count="4"/>
        <metrics loc="97" ncloc="43" classes="1" methods="6" coveredmethods="6" conditionals="0" coveredconditionals="0" statements="9" coveredstatements="9" elements="15" coveredelements="15"/>
      </file>
    </package>
    <metrics files="4" loc="264" ncloc="179" classes="3" methods="10" coveredmethods="8" conditionals="0" coveredconditionals="0" statements="81" coveredstatements="74" elements="91" coveredelements="82"/>
  </project>
</coverage>
